{"C:\\Users\\HP\\OneDrive\\Escritorio\\UIDE\\4ciclo\\P. Middleware y Seguridad de BD\\PE.2.2-calculator\\src\\repositories\\producto.repository.ts": {"path":"C:\\Users\\HP\\OneDrive\\Escritorio\\UIDE\\4ciclo\\P. Middleware y Seguridad de BD\\PE.2.2-calculator\\src\\repositories\\producto.repository.ts","all":false,"statementMap":{"0":{"start":{"line":1,"column":0},"end":{"line":1,"column":27}},"1":{"start":{"line":2,"column":0},"end":{"line":2,"column":13}},"2":{"start":{"line":3,"column":0},"end":{"line":3,"column":17}},"3":{"start":{"line":4,"column":0},"end":{"line":4,"column":17}},"4":{"start":{"line":5,"column":0},"end":{"line":5,"column":20}},"5":{"start":{"line":6,"column":0},"end":{"line":6,"column":1}},"6":{"start":{"line":7,"column":0},"end":{"line":7,"column":0}},"7":{"start":{"line":8,"column":0},"end":{"line":8,"column":33}},"8":{"start":{"line":9,"column":0},"end":{"line":9,"column":37}},"9":{"start":{"line":10,"column":0},"end":{"line":10,"column":24}},"10":{"start":{"line":11,"column":0},"end":{"line":11,"column":0}},"11":{"start":{"line":12,"column":0},"end":{"line":12,"column":48}},"12":{"start":{"line":13,"column":0},"end":{"line":13,"column":37}},"13":{"start":{"line":14,"column":0},"end":{"line":14,"column":27}},"14":{"start":{"line":15,"column":0},"end":{"line":15,"column":13}},"15":{"start":{"line":16,"column":0},"end":{"line":16,"column":6}},"16":{"start":{"line":17,"column":0},"end":{"line":17,"column":0}},"17":{"start":{"line":18,"column":0},"end":{"line":18,"column":39}},"18":{"start":{"line":19,"column":0},"end":{"line":19,"column":25}},"19":{"start":{"line":20,"column":0},"end":{"line":20,"column":3}},"20":{"start":{"line":21,"column":0},"end":{"line":21,"column":0}},"21":{"start":{"line":22,"column":0},"end":{"line":22,"column":43}},"22":{"start":{"line":23,"column":0},"end":{"line":23,"column":20}},"23":{"start":{"line":24,"column":0},"end":{"line":24,"column":67}},"24":{"start":{"line":25,"column":0},"end":{"line":25,"column":5}},"25":{"start":{"line":26,"column":0},"end":{"line":26,"column":26}},"26":{"start":{"line":27,"column":0},"end":{"line":27,"column":3}},"27":{"start":{"line":28,"column":0},"end":{"line":28,"column":0}},"28":{"start":{"line":29,"column":0},"end":{"line":29,"column":46}},"29":{"start":{"line":30,"column":0},"end":{"line":30,"column":49}},"30":{"start":{"line":31,"column":0},"end":{"line":31,"column":3}},"31":{"start":{"line":32,"column":0},"end":{"line":32,"column":0}},"32":{"start":{"line":33,"column":0},"end":{"line":33,"column":76}},"33":{"start":{"line":34,"column":0},"end":{"line":34,"column":39}},"34":{"start":{"line":35,"column":0},"end":{"line":35,"column":31}},"35":{"start":{"line":36,"column":0},"end":{"line":36,"column":0}},"36":{"start":{"line":37,"column":0},"end":{"line":37,"column":34}},"37":{"start":{"line":38,"column":0},"end":{"line":38,"column":20}},"38":{"start":{"line":39,"column":0},"end":{"line":39,"column":3}},"39":{"start":{"line":40,"column":0},"end":{"line":40,"column":0}},"40":{"start":{"line":41,"column":0},"end":{"line":41,"column":31}},"41":{"start":{"line":42,"column":0},"end":{"line":42,"column":61}},"42":{"start":{"line":43,"column":0},"end":{"line":43,"column":35}},"43":{"start":{"line":44,"column":0},"end":{"line":44,"column":0}},"44":{"start":{"line":45,"column":0},"end":{"line":45,"column":36}},"45":{"start":{"line":46,"column":0},"end":{"line":46,"column":16}},"46":{"start":{"line":47,"column":0},"end":{"line":47,"column":3}},"47":{"start":{"line":48,"column":0},"end":{"line":48,"column":1}}},"s":{"0":1,"1":1,"2":1,"3":1,"4":1,"5":1,"6":1,"7":10,"8":10,"9":10,"10":10,"11":10,"12":11,"13":11,"14":11,"15":11,"16":11,"17":11,"18":11,"19":11,"20":10,"21":10,"22":2,"23":1,"24":1,"25":1,"26":1,"27":10,"28":10,"29":4,"30":4,"31":10,"32":10,"33":2,"34":2,"35":1,"36":1,"37":1,"38":1,"39":10,"40":10,"41":2,"42":2,"43":1,"44":1,"45":1,"46":1,"47":10},"branchMap":{"0":{"type":"branch","line":8,"loc":{"start":{"line":8,"column":0},"end":{"line":48,"column":1}},"locations":[{"start":{"line":8,"column":0},"end":{"line":48,"column":1}}]},"1":{"type":"branch","line":12,"loc":{"start":{"line":12,"column":2},"end":{"line":20,"column":3}},"locations":[{"start":{"line":12,"column":2},"end":{"line":20,"column":3}}]},"2":{"type":"branch","line":22,"loc":{"start":{"line":22,"column":2},"end":{"line":27,"column":3}},"locations":[{"start":{"line":22,"column":2},"end":{"line":27,"column":3}}]},"3":{"type":"branch","line":23,"loc":{"start":{"line":23,"column":19},"end":{"line":27,"column":3}},"locations":[{"start":{"line":23,"column":19},"end":{"line":27,"column":3}}]},"4":{"type":"branch","line":24,"loc":{"start":{"line":24,"column":35},"end":{"line":24,"column":65}},"locations":[{"start":{"line":24,"column":35},"end":{"line":24,"column":65}}]},"5":{"type":"branch","line":29,"loc":{"start":{"line":29,"column":2},"end":{"line":31,"column":3}},"locations":[{"start":{"line":29,"column":2},"end":{"line":31,"column":3}}]},"6":{"type":"branch","line":30,"loc":{"start":{"line":30,"column":31},"end":{"line":30,"column":47}},"locations":[{"start":{"line":30,"column":31},"end":{"line":30,"column":47}}]},"7":{"type":"branch","line":33,"loc":{"start":{"line":33,"column":2},"end":{"line":39,"column":3}},"locations":[{"start":{"line":33,"column":2},"end":{"line":39,"column":3}}]},"8":{"type":"branch","line":35,"loc":{"start":{"line":35,"column":19},"end":{"line":39,"column":3}},"locations":[{"start":{"line":35,"column":19},"end":{"line":39,"column":3}}]},"9":{"type":"branch","line":41,"loc":{"start":{"line":41,"column":2},"end":{"line":47,"column":3}},"locations":[{"start":{"line":41,"column":2},"end":{"line":47,"column":3}}]},"10":{"type":"branch","line":43,"loc":{"start":{"line":43,"column":22},"end":{"line":47,"column":3}},"locations":[{"start":{"line":43,"column":22},"end":{"line":47,"column":3}}]},"11":{"type":"branch","line":42,"loc":{"start":{"line":42,"column":43},"end":{"line":42,"column":59}},"locations":[{"start":{"line":42,"column":43},"end":{"line":42,"column":59}}]}},"b":{"0":[10],"1":[11],"2":[2],"3":[1],"4":[3],"5":[4],"6":[2],"7":[2],"8":[1],"9":[2],"10":[1],"11":[1]},"fnMap":{"0":{"name":"ProductoRepository","decl":{"start":{"line":8,"column":0},"end":{"line":48,"column":1}},"loc":{"start":{"line":8,"column":0},"end":{"line":48,"column":1}},"line":8},"1":{"name":"create","decl":{"start":{"line":12,"column":2},"end":{"line":20,"column":3}},"loc":{"start":{"line":12,"column":2},"end":{"line":20,"column":3}},"line":12},"2":{"name":"findAll","decl":{"start":{"line":22,"column":2},"end":{"line":27,"column":3}},"loc":{"start":{"line":22,"column":2},"end":{"line":27,"column":3}},"line":22},"3":{"name":"findById","decl":{"start":{"line":29,"column":2},"end":{"line":31,"column":3}},"loc":{"start":{"line":29,"column":2},"end":{"line":31,"column":3}},"line":29},"4":{"name":"update","decl":{"start":{"line":33,"column":2},"end":{"line":39,"column":3}},"loc":{"start":{"line":33,"column":2},"end":{"line":39,"column":3}},"line":33},"5":{"name":"delete","decl":{"start":{"line":41,"column":2},"end":{"line":47,"column":3}},"loc":{"start":{"line":41,"column":2},"end":{"line":47,"column":3}},"line":41}},"f":{"0":10,"1":11,"2":2,"3":4,"4":2,"5":2}}
,"C:\\Users\\HP\\OneDrive\\Escritorio\\UIDE\\4ciclo\\P. Middleware y Seguridad de BD\\PE.2.2-calculator\\src\\schemas\\producto.schema.ts": {"path":"C:\\Users\\HP\\OneDrive\\Escritorio\\UIDE\\4ciclo\\P. Middleware y Seguridad de BD\\PE.2.2-calculator\\src\\schemas\\producto.schema.ts","all":false,"statementMap":{"0":{"start":{"line":1,"column":0},"end":{"line":1,"column":24}},"1":{"start":{"line":2,"column":0},"end":{"line":2,"column":0}},"2":{"start":{"line":3,"column":0},"end":{"line":3,"column":40}},"3":{"start":{"line":4,"column":0},"end":{"line":4,"column":11}},"4":{"start":{"line":5,"column":0},"end":{"line":5,"column":13}},"5":{"start":{"line":6,"column":0},"end":{"line":6,"column":57}},"6":{"start":{"line":7,"column":0},"end":{"line":7,"column":30}},"7":{"start":{"line":8,"column":0},"end":{"line":8,"column":0}},"8":{"start":{"line":9,"column":0},"end":{"line":9,"column":11}},"9":{"start":{"line":10,"column":0},"end":{"line":10,"column":13}},"10":{"start":{"line":11,"column":0},"end":{"line":11,"column":45}},"11":{"start":{"line":12,"column":0},"end":{"line":12,"column":0}},"12":{"start":{"line":13,"column":0},"end":{"line":13,"column":30}},"13":{"start":{"line":14,"column":0},"end":{"line":14,"column":3}}},"s":{"0":1,"1":1,"2":1,"3":1,"4":1,"5":1,"6":1,"7":1,"8":1,"9":1,"10":1,"11":1,"12":1,"13":1},"branchMap":{"0":{"type":"branch","line":7,"loc":{"start":{"line":7,"column":15},"end":{"line":7,"column":28}},"locations":[{"start":{"line":7,"column":15},"end":{"line":7,"column":28}}]}},"b":{"0":[4]},"fnMap":{},"f":{}}
}
