TN:
SF:src\repositories\producto.repository.ts
FN:8,ProductoRepository
FN:12,create
FN:22,findAll
FN:29,findById
FN:33,update
FN:41,delete
FNF:6
FNH:6
FNDA:10,ProductoRepository
FNDA:11,create
FNDA:2,findAll
FNDA:4,findById
FNDA:2,update
FNDA:2,delete
DA:1,1
DA:2,1
DA:3,1
DA:4,1
DA:5,1
DA:6,1
DA:7,1
DA:8,10
DA:9,10
DA:10,10
DA:11,10
DA:12,10
DA:13,11
DA:14,11
DA:15,11
DA:16,11
DA:17,11
DA:18,11
DA:19,11
DA:20,11
DA:21,10
DA:22,10
DA:23,2
DA:24,1
DA:25,1
DA:26,1
DA:27,1
DA:28,10
DA:29,10
DA:30,4
DA:31,4
DA:32,10
DA:33,10
DA:34,2
DA:35,2
DA:36,1
DA:37,1
DA:38,1
DA:39,1
DA:40,10
DA:41,10
DA:42,2
DA:43,2
DA:44,1
DA:45,1
DA:46,1
DA:47,1
DA:48,10
LF:48
LH:48
BRDA:8,0,0,10
BRDA:12,1,0,11
BRDA:22,2,0,2
BRDA:23,3,0,1
BRDA:24,4,0,3
BRDA:29,5,0,4
BRDA:30,6,0,2
BRDA:33,7,0,2
BRDA:35,8,0,1
BRDA:41,9,0,2
BRDA:43,10,0,1
BRDA:42,11,0,1
BRF:12
BRH:12
end_of_record
TN:
SF:src\schemas\producto.schema.ts
FNF:0
FNH:0
DA:1,1
DA:2,1
DA:3,1
DA:4,1
DA:5,1
DA:6,1
DA:7,1
DA:8,1
DA:9,1
DA:10,1
DA:11,1
DA:12,1
DA:13,1
DA:14,1
LF:14
LH:14
BRDA:7,0,0,4
BRF:1
BRH:1
end_of_record
